[2025-08-17T15:52:43.720Z] Found due card: card_y70fph
[2025-08-17T15:52:43.839Z] Found deck: 1200 Deutsche Redewendungen (deck_lp8v1m)
[2025-08-17T15:52:43.887Z] Review session created: session_1755445963842_u213nnt1e, goal: 1200
[2025-08-17T16:00:37.311Z] Scheduler: Saving database to disk
[2025-08-17T16:00:37.401Z] Updated all deck stats
[2025-08-17T16:00:37.431Z] Updated all deck stats
[2025-08-24T20:04:16.117Z] Checking file: Flashcards/Programming-Concepts.md
[2025-08-24T20:04:16.271Z] Saving database after processing all decks...
[2025-08-24T20:04:16.435Z] Refresh complete
[2025-08-24T20:05:05.863Z] Deleting orphaned deck: "1200 Deutsche Redewendungen" (Flashcards/1200 Deutsche Redewendungen.md)
[2025-08-24T20:05:05.935Z] Deleting orphaned deck: "2000 German verbs" (Flashcards/2000 German verbs.md)
[2025-08-24T20:05:05.974Z] Deleting orphaned deck: "4200 German Adjectives" (Flashcards/4200 German Adjectives.md)
[2025-08-24T20:05:06.008Z] Deleting orphaned deck: "500 Nomen-Verb Verbindungen" (Flashcards/500 Nomen-Verb Verbindungen.md)
[2025-08-24T20:05:06.046Z] Deleting orphaned deck: "Math-Basics" (Flashcards/Math-Basics.md)
[2025-08-24T20:05:06.080Z] Deleting orphaned deck: "Programming-Concepts" (Flashcards/Programming-Concepts.md)
[2025-08-24T20:05:06.118Z] Deleting orphaned deck: "Spanish-Vocabulary" (Flashcards/Spanish-Vocabulary.md)
[2025-08-24T20:05:06.159Z] Deleting orphaned deck: "test" (Flashcards/test.md)
[2025-08-24T20:05:06.197Z] Saving database after processing all decks...
[2025-08-24T20:05:06.239Z] Refresh complete
[2025-08-24T20:05:15.059Z] Creating new deck: "test" with ID: deck_shvzt5, tag: #flashcards, filepath: Flashcards/test.md
[2025-08-24T20:05:15.134Z] Creating new deck: "Spanish-Vocabulary" with ID: deck_bvk4i2, tag: #flashcards/spanish, filepath: Flashcards/Spanish-Vocabulary.md
[2025-08-24T20:05:15.173Z] Creating new deck: "Programming-Concepts" with ID: deck_26088a, tag: #flashcards/programming/concepts, filepath: Flashcards/Programming-Concepts.md
[2025-08-24T20:05:15.208Z] Creating new deck: "Math-Basics" with ID: deck_ep2xd5, tag: #flashcards/math, filepath: Flashcards/Math-Basics.md
[2025-08-24T20:05:15.221Z] Creating new deck: "500 Nomen-Verb Verbindungen" with ID: deck_3kr9lg, tag: #flashcards/german, filepath: Flashcards/500 Nomen-Verb Verbindungen.md
[2025-08-24T20:05:15.251Z] Creating new deck: "4200 German Adjectives" with ID: deck_3cjj2x, tag: #flashcards/german, filepath: Flashcards/4200 German Adjectives.md
[2025-08-24T20:05:15.288Z] Creating new deck: "2000 German verbs" with ID: deck_cr6nq3, tag: #flashcards/german, filepath: Flashcards/2000 German verbs.md
[2025-08-24T20:05:15.326Z] Creating new deck: "1200 Deutsche Redewendungen" with ID: deck_lp8v1m, tag: #flashcards/german, filepath: Flashcards/1200 Deutsche Redewendungen.md
[2025-08-24T20:05:15.460Z] File Flashcards/Math-Basics.md not modified since last sync, skipping
[2025-08-24T20:05:15.486Z] Saving database after processing all decks...
[2025-08-24T20:05:15.531Z] Refresh complete
[2025-08-24T20:05:21.602Z] Review session created: session_1756065921602_0ldmqdcv8, goal: 1200
[2025-08-24T20:05:22.706Z] Scheduler: Saving database to disk
[2025-08-24T20:05:22.742Z] Scheduler: Database save completed
[2025-08-24T20:05:24.908Z] File Flashcards/1200 Deutsche Redewendungen.md not modified since last sync, skipping
[2025-08-24T20:05:25.038Z] Saving database after processing all decks...
[2025-08-24T20:05:25.122Z] Refresh complete
[2025-08-24T20:05:26.800Z] Existing card ID: card_nm2778, Front: "da steppt der Bär"
[2025-08-24T20:05:27.200Z] Updated deck stats: {}
[2025-08-24T20:05:32.758Z] Decks plugin loaded successfully
[2025-08-24T20:05:37.233Z] File Flashcards/2000 German verbs.md not modified since last sync, skipping
[2025-08-24T20:05:37.336Z] Saving database after processing all decks...
[2025-08-24T20:05:37.433Z] Refresh complete
[2025-08-24T20:09:14.185Z] Decks plugin loaded successfully
[2025-08-24T20:09:18.225Z] Performing initial background sync...
[2025-08-24T20:09:18.329Z] Starting deck sync...
[2025-08-24T20:09:18.485Z] Saving database after processing all decks...
[2025-08-24T20:09:18.542Z] Sync complete, hiding progress notice
[2025-08-24T20:10:06.603Z] Deleting orphaned deck: "1200 Deutsche Redewendungen" (Flashcards/1200 Deutsche Redewendungen.md)
[2025-08-24T20:10:06.666Z] Deleting orphaned deck: "2000 German verbs" (Flashcards/2000 German verbs.md)
[2025-08-24T20:10:06.712Z] Deleting orphaned deck: "4200 German Adjectives" (Flashcards/4200 German Adjectives.md)
[2025-08-24T20:10:06.747Z] Deleting orphaned deck: "500 Nomen-Verb Verbindungen" (Flashcards/500 Nomen-Verb Verbindungen.md)
[2025-08-24T20:10:06.817Z] Deleting orphaned deck: "Math-Basics" (Flashcards/Math-Basics.md)
[2025-08-24T20:10:06.838Z] Deleting orphaned deck: "Programming-Concepts" (Flashcards/Programming-Concepts.md)
[2025-08-24T20:10:06.873Z] Deleting orphaned deck: "Spanish-Vocabulary" (Flashcards/Spanish-Vocabulary.md)
[2025-08-24T20:10:06.930Z] Deleting orphaned deck: "test" (Flashcards/test.md)
[2025-08-24T20:10:06.982Z] Saving database after processing all decks...
[2025-08-24T20:10:07.082Z] Refresh complete
[2025-08-24T20:10:17.892Z] Creating new deck: "test" with ID: deck_shvzt5, tag: #flashcards, filepath: Flashcards/test.md
[2025-08-24T20:10:17.980Z] Creating new deck: "Spanish-Vocabulary" with ID: deck_bvk4i2, tag: #flashcards/spanish, filepath: Flashcards/Spanish-Vocabulary.md
[2025-08-24T20:10:18.013Z] Creating new deck: "Programming-Concepts" with ID: deck_26088a, tag: #flashcards/programming/concepts, filepath: Flashcards/Programming-Concepts.md
[2025-08-24T20:10:18.050Z] Creating new deck: "Math-Basics" with ID: deck_ep2xd5, tag: #flashcards/math, filepath: Flashcards/Math-Basics.md
[2025-08-24T20:10:18.086Z] Creating new deck: "500 Nomen-Verb Verbindungen" with ID: deck_3kr9lg, tag: #flashcards/german, filepath: Flashcards/500 Nomen-Verb Verbindungen.md
[2025-08-24T20:10:18.097Z] Creating new deck: "4200 German Adjectives" with ID: deck_3cjj2x, tag: #flashcards/german, filepath: Flashcards/4200 German Adjectives.md
[2025-08-24T20:10:18.136Z] Creating new deck: "2000 German verbs" with ID: deck_cr6nq3, tag: #flashcards/german, filepath: Flashcards/2000 German verbs.md
[2025-08-24T20:10:18.147Z] Creating new deck: "1200 Deutsche Redewendungen" with ID: deck_lp8v1m, tag: #flashcards/german, filepath: Flashcards/1200 Deutsche Redewendungen.md
[2025-08-24T20:10:18.343Z] File Flashcards/Programming-Concepts.md not modified since last sync, skipping
[2025-08-24T20:10:18.349Z] File Flashcards/Spanish-Vocabulary.md not modified since last sync, skipping
[2025-08-24T20:10:18.366Z] Saving database after processing all decks...
[2025-08-24T20:10:18.422Z] Refresh complete
[2025-08-24T20:10:37.282Z] Review session created: session_1756066237281_qxujeu876, goal: 1200
[2025-08-24T20:10:41.368Z] Scheduler: Saving database to disk
[2025-08-24T20:10:41.406Z] Scheduler: Database save completed
[2025-08-24T20:10:52.968Z] Existing card ID: card_nm2778, Front: "da steppt der Bär"
[2025-08-24T20:10:53.475Z] Updated deck stats: {}
[2025-08-24T20:17:06.979Z] Decks plugin loaded successfully
[2025-08-24T20:17:11.118Z] Performing initial background sync...
[2025-08-24T20:17:11.221Z] Creating progress notice
[2025-08-24T20:17:11.325Z] File Flashcards/Programming-Concepts.md not modified since last sync, skipping
[2025-08-24T20:17:11.350Z] Saving database after processing all decks...
[2025-08-24T20:17:11.421Z] Sync complete, hiding progress notice
[2025-08-24T20:29:20.868Z] Checking file: Flashcards/500 Nomen-Verb Verbindungen.md
[2025-08-24T20:29:21.033Z] Saving database after processing all decks...
[2025-08-24T20:29:21.131Z] Refresh complete
[2025-08-24T20:29:23.715Z] Existing card ID: card_uhm64m, Front: "**modulieren**"
[2025-08-24T20:29:24.377Z] Updated deck stats: {}
[2025-08-24T20:29:27.834Z] Existing card ID: card_nm2778, Front: "da steppt der Bär"
[2025-08-24T20:29:30.451Z] Updated deck stats: {}
[2025-08-24T20:29:34.883Z] Existing card ID: card_rxziyu, Front: "**kanonisch**"
[2025-08-24T20:29:36.138Z] Updated deck stats: {}
[2025-08-24T20:29:40.508Z] Existing card ID: card_uhm64m, Front: "**modulieren**"
[2025-08-24T20:29:45.433Z] Updated deck stats: {}
[2025-08-24T20:29:51.133Z] Existing card ID: card_q1az4y, Front: "Stil entwickeln"
[2025-08-24T20:29:53.638Z] Updated deck stats: {}
[2025-08-24T20:29:58.188Z] Existing card ID: card_v7q7si, Front: "What is the factorial of a number?"
[2025-08-24T20:29:58.222Z] Updated deck stats: {}
[2025-08-24T20:30:00.844Z] Existing card ID: card_css29, Front: "What is the difference between == and === in JavaScript?"
[2025-08-24T20:30:00.884Z] Updated deck stats: {}
[2025-08-24T20:30:04.133Z] Existing card ID: card_nm2778, Front: "da steppt der Bär"
[2025-08-24T20:30:04.515Z] Updated deck stats: {}
[2025-08-24T20:48:36.487Z] Decks plugin loaded successfully
[2025-08-24T20:48:38.640Z] All tags for Flashcards/4200 German Adjectives.md: ["#flashcards/german"]
[2025-08-24T20:48:38.767Z] Saving database after processing all decks...
[2025-08-24T20:48:38.821Z] Sync complete, hiding progress notice
[2025-08-24T20:48:44.769Z] Showing initial progress notice: 🔄 Syncing flashcards...
[███░░░░░░░░░░░░░░░░░░░░░░] 10%
[2025-08-24T20:48:44.903Z] File Flashcards/Spanish-Vocabulary.md not modified since last sync, skipping
[2025-08-24T20:48:44.915Z] Saving database after processing all decks...
[2025-08-24T20:48:45.006Z] Refresh complete
[2025-08-24T20:49:11.438Z] Review session created: session_1756068551437_drnbly72p, goal: 1935
[2025-08-24T20:49:12.590Z] Scheduler: Saving database to disk
[2025-08-24T20:49:12.616Z] Scheduler: Database save completed
